
2014-09-27 00:55:37...installerHook: Could not find custom/install/install_hooks.php
2014-09-27 00:57:00...installerHook: Could not find custom/install/install_hooks.php
2014-09-27 00:57:06...installerHook: Could not find custom/install/install_hooks.php
2014-09-27 00:57:15...Begin System Check Process *************
2014-09-27 00:57:15...XML Parsing Support Found
2014-09-27 00:57:15...MBString Support Found
2014-09-27 00:57:15...ZIP Support Found
2014-09-27 00:57:15.../custom directory and subdirectory check passed
2014-09-27 00:57:15...cache directory and subdirectory check passed
2014-09-27 00:57:19.../module  directory and subdirectory check passed
2014-09-27 00:57:19.../upload directory check passed
2014-09-27 00:57:19.../zip check passed
2014-09-27 00:57:19...PCRE version check passed
2014-09-27 00:57:19...installerHook: Could not find custom/install/install_hooks.php
2014-09-27 00:57:19...php.ini location found. E:\xampp\php\php.ini
2014-09-27 00:57:19...Outputting HTML for System check
2014-09-27 00:57:19...No Errors were found *************
2014-09-27 00:57:22...installerHook: Could not find custom/install/install_hooks.php
2014-09-27 00:57:28...installerHook: Could not find custom/install/install_hooks.php
2014-09-27 00:57:31...installerHook: Could not find custom/install/install_hooks.php
2014-09-27 00:57:32...installerHook: Could not find custom/install/install_hooks.php
2014-09-27 00:57:53...Begin DB Check Process *************
2014-09-27 00:57:53...testing with mysql:mysqli
2014-09-27 00:57:53...Basic form info is valid, continuing Process.
2014-09-27 00:57:53...Testing user account...
2014-09-27 00:57:54...ERROR::  The provided database host, username, and/or password is invalid, and a connection to the database could not be established.  Please enter a valid host, username and password
2014-09-27 00:57:54...Testing priviliged account...
2014-09-27 00:57:54...Connection made using  host: localhost, usr: root
2014-09-27 00:57:54...DB not selected, will create sugarcrm_akbar
2014-09-27 00:57:54...ERROR:: Unable to check database version.
2014-09-27 00:57:54...FATAL:: errors have been detected!  User will not be allowed to continue.  Errors are as follow:
2014-09-27 00:57:54..... The provided database host, username, and/or password is invalid, and a connection to the database could not be established.  Please enter a valid host, username and password
2014-09-27 00:57:54..... Unable to check database version.
2014-09-27 00:57:54...End DB Check Process *************
2014-09-27 00:58:26...Begin DB Check Process *************
2014-09-27 00:58:26...testing with mysql:mysqli
2014-09-27 00:58:26...Basic form info is valid, continuing Process.
2014-09-27 00:58:26...Testing user account...
2014-09-27 00:58:27...ERROR::  The provided database host, username, and/or password is invalid, and a connection to the database could not be established.  Please enter a valid host, username and password
2014-09-27 00:58:27...Testing priviliged account...
2014-09-27 00:58:27...Connection made using  host: localhost, usr: root
2014-09-27 00:58:27...DB not selected, will create sugarcrm_akbar
2014-09-27 00:58:27...ERROR:: Unable to check database version.
2014-09-27 00:58:27...FATAL:: errors have been detected!  User will not be allowed to continue.  Errors are as follow:
2014-09-27 00:58:27..... The provided database host, username, and/or password is invalid, and a connection to the database could not be established.  Please enter a valid host, username and password
2014-09-27 00:58:27..... Unable to check database version.
2014-09-27 00:58:27...End DB Check Process *************
2014-09-27 00:58:34...Begin DB Check Process *************
2014-09-27 00:58:34...testing with mysql:mysqli
2014-09-27 00:58:34...Basic form info is valid, continuing Process.
2014-09-27 00:58:34...Testing user account...
2014-09-27 00:58:35...Connection made using  host: localhost, usr: root
2014-09-27 00:58:35...Testing priviliged account...
2014-09-27 00:58:36...Connection made using  host: localhost, usr: root
2014-09-27 00:58:36...ERROR:: The provided Database Name already exists.  You can<br>1.  hit the back button and choose a new database name <br>2.  click next and continue but all existing tables on this database will be dropped.  <strong>This means your tables and data will be blown away.</strong>
2014-09-27 00:58:36...Passed DB install check
2014-09-27 00:58:36...WARNING:: no errors detected, but DB tables will be dropped!, issuing warning to user
2014-09-27 00:58:36...End DB Check Process *************
2014-09-27 00:58:40...installerHook: Could not find custom/install/install_hooks.php
2014-09-27 00:58:52...installerHook: Could not find custom/install/install_hooks.php
2014-09-27 00:58:57...installerHook: Could not find custom/install/install_hooks.php
2014-09-27 00:58:57...calling handleSugarConfig()
2014-09-27 00:58:57...calling handleLog4Php()
2014-09-27 00:58:57...calling handleHtaccess()
2014-09-27 00:58:57...calling handleDbCharsetCollation()
2014-09-27 00:59:00...looping through all the Beans and create their tables
2014-09-27 00:59:00...processing table acl_actions
2014-09-27 00:59:00...dropping table acl_actions
2014-09-27 00:59:00...creating table acl_actions
2014-09-27 00:59:00...creating Relationship Meta for ACLAction
2014-09-27 00:59:00...processing table acl_roles
2014-09-27 00:59:00...dropping table acl_roles
2014-09-27 00:59:00...creating table acl_roles
2014-09-27 00:59:00...creating Relationship Meta for ACLRole
2014-09-27 00:59:00...processing table relationships
2014-09-27 00:59:00...dropping table relationships
2014-09-27 00:59:00...creating table relationships
2014-09-27 00:59:00...creating Relationship Meta for Relationship
2014-09-27 00:59:00...processing table leads
2014-09-27 00:59:00...dropping table leads
2014-09-27 00:59:01...creating table leads
2014-09-27 00:59:01...creating Relationship Meta for Lead
2014-09-27 00:59:02...processing table cases
2014-09-27 00:59:02...dropping table cases
2014-09-27 00:59:02...creating table cases
2014-09-27 00:59:02...creating Relationship Meta for Case
2014-09-27 00:59:02...processing table bugs
2014-09-27 00:59:02...dropping table bugs
2014-09-27 00:59:03...creating table bugs
2014-09-27 00:59:03...creating Relationship Meta for Bug
2014-09-27 00:59:04...processing table users
2014-09-27 00:59:04...dropping table users
2014-09-27 00:59:04...creating table users
2014-09-27 00:59:04...creating Relationship Meta for User
2014-09-27 00:59:05...processing table campaign_log
2014-09-27 00:59:05...dropping table campaign_log
2014-09-27 00:59:05...creating table campaign_log
2014-09-27 00:59:05...creating Relationship Meta for CampaignLog
2014-09-27 00:59:05...processing table project
2014-09-27 00:59:05...dropping table project
2014-09-27 00:59:06...creating table project
2014-09-27 00:59:06...creating Relationship Meta for Project
2014-09-27 00:59:06...processing table project_task
2014-09-27 00:59:06...dropping table project_task
2014-09-27 00:59:07...creating table project_task
2014-09-27 00:59:07...creating Relationship Meta for ProjectTask
2014-09-27 00:59:07...processing table campaigns
2014-09-27 00:59:07...dropping table campaigns
2014-09-27 00:59:08...creating table campaigns
2014-09-27 00:59:08...creating Relationship Meta for Campaign
2014-09-27 00:59:08...processing table prospect_lists
2014-09-27 00:59:08...dropping table prospect_lists
2014-09-27 00:59:09...creating table prospect_lists
2014-09-27 00:59:09...creating Relationship Meta for ProspectList
2014-09-27 00:59:09...processing table prospects
2014-09-27 00:59:09...dropping table prospects
2014-09-27 00:59:10...creating table prospects
2014-09-27 00:59:10...creating Relationship Meta for Prospect
2014-09-27 00:59:12...processing table email_marketing
2014-09-27 00:59:12...dropping table email_marketing
2014-09-27 00:59:13...creating table email_marketing
2014-09-27 00:59:13...creating Relationship Meta for EmailMarketing
2014-09-27 00:59:13...processing table campaign_trkrs
2014-09-27 00:59:13...dropping table campaign_trkrs
2014-09-27 00:59:13...creating table campaign_trkrs
2014-09-27 00:59:13...creating Relationship Meta for CampaignTracker
2014-09-27 00:59:13...processing table releases
2014-09-27 00:59:13...dropping table releases
2014-09-27 00:59:14...creating table releases
2014-09-27 00:59:14...creating Relationship Meta for Release
2014-09-27 00:59:14...processing table emailman
2014-09-27 00:59:14...dropping table emailman
2014-09-27 00:59:14...creating table emailman
2014-09-27 00:59:14...creating Relationship Meta for EmailMan
2014-09-27 00:59:14...processing table schedulers
2014-09-27 00:59:14...dropping table schedulers
2014-09-27 00:59:14...creating table schedulers
2014-09-27 00:59:14...creating Relationship Meta for Scheduler
2014-09-27 00:59:14...processing table job_queue
2014-09-27 00:59:14...dropping table job_queue
2014-09-27 00:59:14...creating table job_queue
2014-09-27 00:59:14...creating Relationship Meta for SchedulersJob
2014-09-27 00:59:14...processing table contacts
2014-09-27 00:59:14...dropping table contacts
2014-09-27 00:59:16...creating table contacts
2014-09-27 00:59:16...creating Relationship Meta for Contact
2014-09-27 00:59:17...processing table accounts
2014-09-27 00:59:17...dropping table accounts
2014-09-27 00:59:17...creating table accounts
2014-09-27 00:59:17...creating Relationship Meta for Account
2014-09-27 00:59:18...processing table opportunities
2014-09-27 00:59:18...dropping table opportunities
2014-09-27 00:59:19...creating table opportunities
2014-09-27 00:59:19...creating Relationship Meta for Opportunity
2014-09-27 00:59:19...processing table email_templates
2014-09-27 00:59:19...dropping table email_templates
2014-09-27 00:59:20...creating table email_templates
2014-09-27 00:59:20...creating Relationship Meta for EmailTemplate
2014-09-27 00:59:20...processing table notes
2014-09-27 00:59:20...dropping table notes
2014-09-27 00:59:20...creating table notes
2014-09-27 00:59:20...creating Relationship Meta for Note
2014-09-27 00:59:20...processing table calls
2014-09-27 00:59:20...dropping table calls
2014-09-27 00:59:21...creating table calls
2014-09-27 00:59:21...creating Relationship Meta for Call
2014-09-27 00:59:21...processing table emails
2014-09-27 00:59:21...dropping table emails
2014-09-27 00:59:21...creating table emails
2014-09-27 00:59:21...creating Relationship Meta for Email
2014-09-27 00:59:22...processing table meetings
2014-09-27 00:59:22...dropping table meetings
2014-09-27 00:59:23...creating table meetings
2014-09-27 00:59:23...creating Relationship Meta for Meeting
2014-09-27 00:59:23...processing table tasks
2014-09-27 00:59:23...dropping table tasks
2014-09-27 00:59:24...creating table tasks
2014-09-27 00:59:24...creating Relationship Meta for Task
2014-09-27 00:59:24...processing table users
2014-09-27 00:59:24...processing table users
2014-09-27 00:59:24...processing table currencies
2014-09-27 00:59:24...dropping table currencies
2014-09-27 00:59:24...creating table currencies
2014-09-27 00:59:24...creating Relationship Meta for Currency
2014-09-27 00:59:24...processing table tracker
2014-09-27 00:59:24...dropping table tracker
2014-09-27 00:59:24...creating table tracker
2014-09-27 00:59:24...creating Relationship Meta for Tracker
2014-09-27 00:59:24...processing table import_maps
2014-09-27 00:59:24...dropping table import_maps
2014-09-27 00:59:25...creating table import_maps
2014-09-27 00:59:25...creating Relationship Meta for ImportMap
2014-09-27 00:59:25...processing table users_last_import
2014-09-27 00:59:25...dropping table users_last_import
2014-09-27 00:59:25...creating table users_last_import
2014-09-27 00:59:25...creating Relationship Meta for UsersLastImport
2014-09-27 00:59:25...processing table config
2014-09-27 00:59:25...dropping table config
2014-09-27 00:59:25...creating table config
2014-09-27 00:59:25...creating Relationship Meta for Administration
2014-09-27 00:59:25...processing table upgrade_history
2014-09-27 00:59:25...dropping table upgrade_history
2014-09-27 00:59:25...creating table upgrade_history
2014-09-27 00:59:25...creating Relationship Meta for UpgradeHistory
2014-09-27 00:59:25...processing table vcals
2014-09-27 00:59:25...dropping table vcals
2014-09-27 00:59:25...creating table vcals
2014-09-27 00:59:25...creating Relationship Meta for vCal
2014-09-27 00:59:25...processing table versions
2014-09-27 00:59:25...dropping table versions
2014-09-27 00:59:25...creating table versions
2014-09-27 00:59:25...creating Relationship Meta for Version
2014-09-27 00:59:25...processing table roles
2014-09-27 00:59:25...dropping table roles
2014-09-27 00:59:25...creating table roles
2014-09-27 00:59:25...creating Relationship Meta for Role
2014-09-27 00:59:25...processing table documents
2014-09-27 00:59:25...dropping table documents
2014-09-27 00:59:26...creating table documents
2014-09-27 00:59:26...creating Relationship Meta for Document
2014-09-27 00:59:26...processing table document_revisions
2014-09-27 00:59:26...dropping table document_revisions
2014-09-27 00:59:27...creating table document_revisions
2014-09-27 00:59:27...creating Relationship Meta for DocumentRevision
2014-09-27 00:59:27...processing table fields_meta_data
2014-09-27 00:59:27...dropping table fields_meta_data
2014-09-27 00:59:27...creating table fields_meta_data
2014-09-27 00:59:27...creating Relationship Meta for FieldsMetaData
2014-09-27 00:59:27...processing table inbound_email
2014-09-27 00:59:27...dropping table inbound_email
2014-09-27 00:59:27...creating table inbound_email
2014-09-27 00:59:27...creating Relationship Meta for InboundEmail
2014-09-27 00:59:27...processing table saved_search
2014-09-27 00:59:27...dropping table saved_search
2014-09-27 00:59:27...creating table saved_search
2014-09-27 00:59:27...creating Relationship Meta for SavedSearch
2014-09-27 00:59:27...processing table user_preferences
2014-09-27 00:59:27...dropping table user_preferences
2014-09-27 00:59:27...creating table user_preferences
2014-09-27 00:59:27...creating Relationship Meta for UserPreference
2014-09-27 00:59:27...processing table 
2014-09-27 00:59:27...processing table email_addresses
2014-09-27 00:59:27...dropping table email_addresses
2014-09-27 00:59:27...creating table email_addresses
2014-09-27 00:59:27...creating Relationship Meta for EmailAddress
2014-09-27 00:59:27...processing table emails_text
2014-09-27 00:59:27...dropping table emails_text
2014-09-27 00:59:28...creating table emails_text
2014-09-27 00:59:28...creating Relationship Meta for EmailText
2014-09-27 00:59:28...processing table sugarfeed
2014-09-27 00:59:28...dropping table sugarfeed
2014-09-27 00:59:28...creating table sugarfeed
2014-09-27 00:59:28...creating Relationship Meta for SugarFeed
2014-09-27 00:59:28...processing table eapm
2014-09-27 00:59:28...dropping table eapm
2014-09-27 00:59:28...creating table eapm
2014-09-27 00:59:28...creating Relationship Meta for EAPM
2014-09-27 00:59:29...processing table oauth_consumer
2014-09-27 00:59:29...dropping table oauth_consumer
2014-09-27 00:59:29...creating table oauth_consumer
2014-09-27 00:59:29...creating Relationship Meta for OAuthKey
2014-09-27 00:59:29...processing table oauth_tokens
2014-09-27 00:59:29...dropping table oauth_tokens
2014-09-27 00:59:29...creating table oauth_tokens
2014-09-27 00:59:29...creating Relationship Meta for OAuthToken
2014-09-27 00:59:43...Begin creating Defaults
2014-09-27 00:59:43...insert defaults into config table
2014-09-27 00:59:44...Creating default users
2014-09-27 00:59:44...Creating default scheduler jobs
2014-09-27 00:59:45...Enable SugarFeeds
2014-09-27 00:59:46...Enable InsideView Connector
2014-09-27 00:59:46...Creating FTS logic hook
2014-09-27 00:59:46...populating the db with seed data
2014-09-27 01:05:55...Installation has completed *********